<?xml version="1.0" encoding="UTF-8"?>
<!-- Generated by org.testng.reporters.JUnitReportReporter -->
<testsuite skipped="0" hostname="DESKTOP-PJJBKB6" name="com.crm.qa.testcases.ContactsPageTest" tests="3" failures="0" timestamp="13 May 2018 07:51:04 GMT" time="110.387" errors="0">
  <testcase name="VerifyContactsPageLable" time="30.711" classname="com.crm.qa.testcases.ContactsPageTest"/>
  <testcase name="ValidateCreateNewContact" time="41.943" classname="com.crm.qa.testcases.ContactsPageTest"/>
  <testcase name="ValidateCreateNewContact" time="37.733" classname="com.crm.qa.testcases.ContactsPageTest"/>
</testsuite> <!-- com.crm.qa.testcases.ContactsPageTest -->
