<?xml version="1.0" encoding="UTF-8"?>
<!-- Generated by org.testng.reporters.JUnitReportReporter -->
<testsuite skipped="0" hostname="DESKTOP-PJJBKB6" name="com.crm.qa.testcases.HomePageTest" tests="3" failures="0" timestamp="13 May 2018 05:03:55 GMT" time="84.260" errors="0">
  <testcase name="VerifyHomePageTitleTest" time="26.286" classname="com.crm.qa.testcases.HomePageTest"/>
  <testcase name="VerifyContactsLinkTest" time="28.098" classname="com.crm.qa.testcases.HomePageTest"/>
  <testcase name="VerifyCurrentUser" time="29.876" classname="com.crm.qa.testcases.HomePageTest"/>
</testsuite> <!-- com.crm.qa.testcases.HomePageTest -->
